[06-06-2024 08:59:51.309 INFO commons.BaseTest] - test
[06-06-2024 08:59:51.311 INFO commons.BaseTest] - test
[06-06-2024 08:59:51.311 ERROR commons.BaseTest] - Register - Step 01: Verify Register Link is Displayed
[06-06-2024 08:59:51.360 INFO commons.BaseTest] - ---------------------- Failed -----------------------
[06-06-2024 08:59:51.360 ERROR commons.BaseTest] - Register - Step 02: Click to Register Link
[06-06-2024 08:59:52.355 INFO commons.BaseTest] - Register - Step 06: Enter to FirstName text with value is Automation
[06-06-2024 08:59:52.406 INFO commons.BaseTest] - Register - Step 07: Enter to LastName text with value is FC
[06-06-2024 08:59:52.435 INFO commons.BaseTest] - Register - Step 08: Enter to Email Address text with value is automation799@gmail.com
[06-06-2024 08:59:52.463 INFO commons.BaseTest] - Register - Step 09: Enter to Password text with value is 123456
[06-06-2024 08:59:52.485 INFO commons.BaseTest] - Register - Step 10: Enter to Password text with value is 123456
[06-06-2024 08:59:52.534 INFO commons.BaseTest] - Register - Step 11: Verify Register Button is Displayed 
[06-06-2024 08:59:52.554 INFO commons.BaseTest] - ---------------------- Failed -----------------------
[06-06-2024 08:59:52.554 INFO commons.BaseTest] - Register - Step 12: Click to Register Button
[06-06-2024 08:59:53.156 INFO commons.BaseTest] - Register - Step 13: Verify success message is displayed
[06-06-2024 08:59:53.188 INFO commons.BaseTest] - ---------------------- Passed -----------------------
[06-06-2024 08:59:53.191 INFO commons.BaseTest] - test
[06-06-2024 08:59:53.191 INFO commons.BaseTest] - test
[06-06-2024 08:59:53.191 ERROR commons.BaseTest] - Register - Step 01: Verify Register Link is Displayed
[06-06-2024 09:00:10.643 INFO commons.BaseTest] - ---------------------- Passed -----------------------
[06-06-2024 09:00:10.643 ERROR commons.BaseTest] - Register - Step 02: Click to Register Link
[06-06-2024 09:00:10.976 INFO commons.BaseTest] - Register - Step 06: Enter to FirstName text with value is Automation
[06-06-2024 09:00:11.028 INFO commons.BaseTest] - Register - Step 07: Enter to LastName text with value is FC
[06-06-2024 09:00:11.058 INFO commons.BaseTest] - Register - Step 08: Enter to Email Address text with value is automation799@gmail.com
[06-06-2024 09:00:11.083 INFO commons.BaseTest] - Register - Step 09: Enter to Password text with value is 123456
[06-06-2024 09:00:11.107 INFO commons.BaseTest] - Register - Step 10: Enter to Password text with value is 123456
[06-06-2024 09:00:11.129 INFO commons.BaseTest] - Register - Step 11: Verify Register Button is Displayed 
[06-06-2024 09:00:11.148 INFO commons.BaseTest] - ---------------------- Failed -----------------------
[06-06-2024 09:00:11.148 INFO commons.BaseTest] - Register - Step 12: Click to Register Button
[06-06-2024 09:00:11.480 INFO commons.BaseTest] - Register - Step 13: Verify success message is displayed
